[     787ms] [WARNING] Image with src "/images/before-after/metal-roof-before.jpg" has "fill" and a height value of 0. This is likely because the parent element of the image has not been styled to have a set height. @ http://localhost:3000/_next/static/chunks/node_modules_next_dist_f3530cac._.js:2297
[     788ms] [WARNING] Image with src "/images/before-after/slate-before.jpg" has "fill" and a height value of 0. This is likely because the parent element of the image has not been styled to have a set height. @ http://localhost:3000/_next/static/chunks/node_modules_next_dist_f3530cac._.js:2297
[     788ms] [WARNING] Image with src "/images/before-after/roof-before.jpg" has "fill" and a height value of 0. This is likely because the parent element of the image has not been styled to have a set height. @ http://localhost:3000/_next/static/chunks/node_modules_next_dist_f3530cac._.js:2297
[    3791ms] [WARNING] The resource http://localhost:3000/_next/image?url=%2Fimages%2Fbefore-after%2Fmetal-roof-before.jpg&w=640&q=75 was preloaded using link preload but not used within a few seconds from the window's load event. Please make sure it has an appropriate `as` value and it is preloaded intentionally. @ http://localhost:3000/:0
[   52170ms] [WARNING] The resource http://localhost:3000/_next/image?url=%2Fimages%2Fbefore-after%2Fmetal-roof-before.jpg&w=640&q=75 was preloaded using link preload but not used within a few seconds from the window's load event. Please make sure it has an appropriate `as` value and it is preloaded intentionally. @ http://localhost:3000/:0
[   54062ms] [WARNING] Image with src "/images/before-after/metal-roof-before.jpg" has "fill" and a height value of 0. This is likely because the parent element of the image has not been styled to have a set height. @ http://localhost:3000/_next/static/chunks/node_modules_next_dist_f3530cac._.js:2297
[   54063ms] [WARNING] Image with src "/images/before-after/slate-before.jpg" has "fill" and a height value of 0. This is likely because the parent element of the image has not been styled to have a set height. @ http://localhost:3000/_next/static/chunks/node_modules_next_dist_f3530cac._.js:2297
[   54063ms] [WARNING] Image with src "/images/before-after/roof-before.jpg" has "fill" and a height value of 0. This is likely because the parent element of the image has not been styled to have a set height. @ http://localhost:3000/_next/static/chunks/node_modules_next_dist_f3530cac._.js:2297
[   57065ms] [WARNING] The resource http://localhost:3000/_next/image?url=%2Fimages%2Fbefore-after%2Fmetal-roof-before.jpg&w=640&q=75 was preloaded using link preload but not used within a few seconds from the window's load event. Please make sure it has an appropriate `as` value and it is preloaded intentionally. @ http://localhost:3000/:0
[   72117ms] [ERROR] WebSocket connection to 'ws://localhost:3000/_next/webpack-hmr?id=XX2KyLjyhlQIcNv6wKOsd' failed: Error in connection establishment: net::ERR_CONNECTION_REFUSED @ http://localhost:3000/_next/static/chunks/node_modules_next_dist_client_17643121._.js:10878
[   73119ms] [ERROR] WebSocket connection to 'ws://localhost:3000/_next/webpack-hmr?id=XX2KyLjyhlQIcNv6wKOsd' failed: Error in connection establishment: net::ERR_CONNECTION_REFUSED @ http://localhost:3000/_next/static/chunks/node_modules_next_dist_client_17643121._.js:10878
[   74122ms] [ERROR] WebSocket connection to 'ws://localhost:3000/_next/webpack-hmr?id=XX2KyLjyhlQIcNv6wKOsd' failed: Error in connection establishment: net::ERR_CONNECTION_REFUSED @ http://localhost:3000/_next/static/chunks/node_modules_next_dist_client_17643121._.js:10878
[   75125ms] [ERROR] WebSocket connection to 'ws://localhost:3000/_next/webpack-hmr?id=XX2KyLjyhlQIcNv6wKOsd' failed: Error in connection establishment: net::ERR_CONNECTION_REFUSED @ http://localhost:3000/_next/static/chunks/node_modules_next_dist_client_17643121._.js:10878
[   76127ms] [ERROR] WebSocket connection to 'ws://localhost:3000/_next/webpack-hmr?id=XX2KyLjyhlQIcNv6wKOsd' failed: Error in connection establishment: net::ERR_CONNECTION_REFUSED @ http://localhost:3000/_next/static/chunks/node_modules_next_dist_client_17643121._.js:10878
[   81129ms] [ERROR] WebSocket connection to 'ws://localhost:3000/_next/webpack-hmr?id=XX2KyLjyhlQIcNv6wKOsd' failed: Error in connection establishment: net::ERR_CONNECTION_REFUSED @ http://localhost:3000/_next/static/chunks/node_modules_next_dist_client_17643121._.js:10878
[   86132ms] [ERROR] WebSocket connection to 'ws://localhost:3000/_next/webpack-hmr?id=XX2KyLjyhlQIcNv6wKOsd' failed: Error in connection establishment: net::ERR_CONNECTION_REFUSED @ http://localhost:3000/_next/static/chunks/node_modules_next_dist_client_17643121._.js:10878
[   91135ms] [ERROR] WebSocket connection to 'ws://localhost:3000/_next/webpack-hmr?id=XX2KyLjyhlQIcNv6wKOsd' failed: Error in connection establishment: net::ERR_CONNECTION_REFUSED @ http://localhost:3000/_next/static/chunks/node_modules_next_dist_client_17643121._.js:10878
[   96137ms] [ERROR] WebSocket connection to 'ws://localhost:3000/_next/webpack-hmr?id=XX2KyLjyhlQIcNv6wKOsd' failed: Error in connection establishment: net::ERR_CONNECTION_REFUSED @ http://localhost:3000/_next/static/chunks/node_modules_next_dist_client_17643121._.js:10878
[  101139ms] [ERROR] WebSocket connection to 'ws://localhost:3000/_next/webpack-hmr?id=XX2KyLjyhlQIcNv6wKOsd' failed: Error in connection establishment: net::ERR_CONNECTION_REFUSED @ http://localhost:3000/_next/static/chunks/node_modules_next_dist_client_17643121._.js:10878
[  106142ms] [ERROR] WebSocket connection to 'ws://localhost:3000/_next/webpack-hmr?id=XX2KyLjyhlQIcNv6wKOsd' failed: Error in connection establishment: net::ERR_CONNECTION_REFUSED @ http://localhost:3000/_next/static/chunks/node_modules_next_dist_client_17643121._.js:10878
[  111144ms] [ERROR] WebSocket connection to 'ws://localhost:3000/_next/webpack-hmr?id=XX2KyLjyhlQIcNv6wKOsd' failed: Error in connection establishment: net::ERR_CONNECTION_REFUSED @ http://localhost:3000/_next/static/chunks/node_modules_next_dist_client_17643121._.js:10878
[  124633ms] [WARNING] The resource http://localhost:3000/_next/image?url=%2Fimages%2Fbefore-after%2Froof-after.jpg&w=640&q=75 was preloaded using link preload but not used within a few seconds from the window's load event. Please make sure it has an appropriate `as` value and it is preloaded intentionally. @ http://localhost:3000/:0
[  124633ms] [WARNING] The resource http://localhost:3000/_next/image?url=%2Fimages%2Fbefore-after%2Froof-before.jpg&w=640&q=75 was preloaded using link preload but not used within a few seconds from the window's load event. Please make sure it has an appropriate `as` value and it is preloaded intentionally. @ http://localhost:3000/:0
